<?xml version="1.0" encoding="UTF-8"?>
<!-- Generated by org.testng.reporters.JUnitXMLReporter -->
<testsuite ignored="4" hostname="NOI-665BNN2" failures="0" tests="2" name="Test" time="60.044" errors="0" timestamp="2021-05-26T16:23:09 IST">
  <testcase classname="Login.Login" name="loging" time="10.037"/>
  <testcase classname="BookFlight.Flights" name="bookflight" time="49.614"/>
  <testcase classname="MainPackage.MainClass" name="@BeforeSuite starting" time="0.0">
    <ignored/>
  </testcase> <!-- @BeforeSuite starting -->
  <testcase classname="MainPackage.MainClass" name="@BeforeSuite starting" time="0.0">
    <ignored/>
  </testcase> <!-- @BeforeSuite starting -->
  <testcase classname="MainPackage.MainClass" name="@AfterSuite ending" time="0.0">
    <ignored/>
  </testcase> <!-- @AfterSuite ending -->
  <testcase classname="MainPackage.MainClass" name="@AfterSuite ending" time="0.0">
    <ignored/>
  </testcase> <!-- @AfterSuite ending -->
</testsuite> <!-- Test -->
